
> @scaffai/mobile@0.1.0 build /Users/kazuto/Desktop/scaffai-unified/apps/mobile
> expo export

Starting Metro Bundler
Web node_modules/.pnpm/expo-router@5.0.7_54vfiktcraoelv4dkkg7iad2fm/node_modules/expo-router/entry.js ▓▓▓▓▓▓▓░░░░░░░░░ 46.0% ( 421/2141)
iOS node_modules/.pnpm/expo-router@5.0.7_54vfiktcraoelv4dkkg7iad2fm/node_modules/expo-router/entry.js ▓▓▓▓▓▓▓▓░░░░░░░░ 54.1% ( 692/2416)
Android node_modules/.pnpm/expo-router@5.0.7_54vfiktcraoelv4dkkg7iad2fm/node_modules/expo-router/entry.js ▓▓▓▓▓░░░░░░░░░░░ 32.0% (332/587)
Web Bundled 3324ms node_modules/.pnpm/expo-router@5.0.7_54vfiktcraoelv4dkkg7iad2fm/node_modules/expo-router/entry.js (2536 modules)
iOS node_modules/.pnpm/expo-router@5.0.7_54vfiktcraoelv4dkkg7iad2fm/node_modules/expo-router/entry.js ▓▓▓▓▓▓▓▓▓▓▓▓▓▓▓░ 99.9% (2880/2880)
Android node_modules/.pnpm/expo-router@5.0.7_54vfiktcraoelv4dkkg7iad2fm/node_modules/expo-router/entry.js ▓▓▓▓▓▓▓▓▓▓▓▓▓▓▓░ 99.9% (2881/2881)
iOS Bundled 5587ms node_modules/.pnpm/expo-router@5.0.7_54vfiktcraoelv4dkkg7iad2fm/node_modules/expo-router/entry.js (2880 modules)
Android Bundled 7877ms node_modules/.pnpm/expo-router@5.0.7_54vfiktcraoelv4dkkg7iad2fm/node_modules/expo-router/entry.js (2881 modules)

› Assets (47):
../../node_modules/.pnpm/@react-navigation+elements@2.4.3_@react-navigation+native@7.1.10_react-native@0.79.1_@babel+c_iyeodhxebqylew5bhimxtk7i74/node_modules/@react-navigation/elements/lib/module/assets/back-icon-mask.0a328cd9c1afd0afe8e3b1ec5165b1b4.png (653 B)
../../node_modules/.pnpm/@react-navigation+elements@2.4.3_@react-navigation+native@7.1.10_react-native@0.79.1_@babel+c_iyeodhxebqylew5bhimxtk7i74/node_modules/@react-navigation/elements/lib/module/assets/back-icon-mask.png (653 B)
../../node_modules/.pnpm/@react-navigation+elements@2.4.3_@react-navigation+native@7.1.10_react-native@0.79.1_@babel+c_iyeodhxebqylew5bhimxtk7i74/node_modules/@react-navigation/elements/lib/module/assets/back-icon.35ba0eaec5a4f5ed12ca16fabeae451d.png (207 B)
../../node_modules/.pnpm/@react-navigation+elements@2.4.3_@react-navigation+native@7.1.10_react-native@0.79.1_@babel+c_iyeodhxebqylew5bhimxtk7i74/node_modules/@react-navigation/elements/lib/module/assets/back-icon.png (8 variations | 359 B)
../../node_modules/.pnpm/@react-navigation+elements@2.4.3_@react-navigation+native@7.1.10_react-native@0.79.1_@babel+c_iyeodhxebqylew5bhimxtk7i74/node_modules/@react-navigation/elements/lib/module/assets/clear-icon.c94f6478e7ae0cdd9f15de1fcb9e5e55.png (4 variations | 425 B)
../../node_modules/.pnpm/@react-navigation+elements@2.4.3_@react-navigation+native@7.1.10_react-native@0.79.1_@babel+c_iyeodhxebqylew5bhimxtk7i74/node_modules/@react-navigation/elements/lib/module/assets/clear-icon.png (4 variations | 425 B)
../../node_modules/.pnpm/@react-navigation+elements@2.4.3_@react-navigation+native@7.1.10_react-native@0.79.1_@babel+c_iyeodhxebqylew5bhimxtk7i74/node_modules/@react-navigation/elements/lib/module/assets/close-icon.808e1b1b9b53114ec2838071a7e6daa7.png (4 variations | 235 B)
../../node_modules/.pnpm/@react-navigation+elements@2.4.3_@react-navigation+native@7.1.10_react-native@0.79.1_@babel+c_iyeodhxebqylew5bhimxtk7i74/node_modules/@react-navigation/elements/lib/module/assets/close-icon.png (4 variations | 235 B)
../../node_modules/.pnpm/@react-navigation+elements@2.4.3_@react-navigation+native@7.1.10_react-native@0.79.1_@babel+c_iyeodhxebqylew5bhimxtk7i74/node_modules/@react-navigation/elements/lib/module/assets/search-icon.286d67d3f74808a60a78d3ebf1a5fb57.png (928 B)
../../node_modules/.pnpm/@react-navigation+elements@2.4.3_@react-navigation+native@7.1.10_react-native@0.79.1_@babel+c_iyeodhxebqylew5bhimxtk7i74/node_modules/@react-navigation/elements/lib/module/assets/search-icon.png (7 variations | 592 B)
../../node_modules/.pnpm/expo-router@5.0.7_54vfiktcraoelv4dkkg7iad2fm/node_modules/expo-router/assets/error.d1ea1496f9057eb392d5bbf3732a61b7.png (469 B)
../../node_modules/.pnpm/expo-router@5.0.7_54vfiktcraoelv4dkkg7iad2fm/node_modules/expo-router/assets/error.png (469 B)
../../node_modules/.pnpm/expo-router@5.0.7_54vfiktcraoelv4dkkg7iad2fm/node_modules/expo-router/assets/file.19eeb73b9593a38f8e9f418337fc7d10.png (138 B)
../../node_modules/.pnpm/expo-router@5.0.7_54vfiktcraoelv4dkkg7iad2fm/node_modules/expo-router/assets/file.png (138 B)
../../node_modules/.pnpm/expo-router@5.0.7_54vfiktcraoelv4dkkg7iad2fm/node_modules/expo-router/assets/forward.d8b800c443b8972542883e0b9de2bdc6.png (188 B)
../../node_modules/.pnpm/expo-router@5.0.7_54vfiktcraoelv4dkkg7iad2fm/node_modules/expo-router/assets/forward.png (188 B)
../../node_modules/.pnpm/expo-router@5.0.7_54vfiktcraoelv4dkkg7iad2fm/node_modules/expo-router/assets/pkg.ab19f4cbc543357183a20571f68380a3.png (364 B)
../../node_modules/.pnpm/expo-router@5.0.7_54vfiktcraoelv4dkkg7iad2fm/node_modules/expo-router/assets/pkg.png (364 B)
../../node_modules/.pnpm/expo-router@5.0.7_54vfiktcraoelv4dkkg7iad2fm/node_modules/expo-router/assets/sitemap.412dd9275b6b48ad28f5e3d81bb1f626.png (465 B)
../../node_modules/.pnpm/expo-router@5.0.7_54vfiktcraoelv4dkkg7iad2fm/node_modules/expo-router/assets/sitemap.png (465 B)
../../node_modules/.pnpm/expo-router@5.0.7_54vfiktcraoelv4dkkg7iad2fm/node_modules/expo-router/assets/unmatched.20e71bdf79e3a97bf55fd9e164041578.png (4.75 kB)
../../node_modules/.pnpm/expo-router@5.0.7_54vfiktcraoelv4dkkg7iad2fm/node_modules/expo-router/assets/unmatched.png (4.75 kB)

› web bundles (1):
_expo/static/js/web/entry-d3cb3df8e8b291527a910b1dc59718b2.js (3.45 MB)

› ios bundles (1):
_expo/static/js/ios/entry-cbf02af316cd3e7140215e49cc9e2411.hbc (5.6 MB)

› android bundles (1):
_expo/static/js/android/entry-b61034012923c7d7c5bac4323c3c6877.hbc (5.61 MB)

› Files (3):
favicon.ico (14.5 kB)
index.html (1.21 kB)
metadata.json (3.39 kB)

Exported: dist
